Línea 16: la clase ComctlLib.Toolbar del control Toolbar1 no era una clase de control cargada.
Línea 124: la clase SocketWrenchCtrl.Socket del control Socket1 no era una clase de control cargada.
Línea 156: la clase SocketWrenchCtrl.Socket del control Socket2 no era una clase de control cargada.
Línea 189: la clase InetCtlsObjects.Inet del control Inet1 no era una clase de control cargada.
Línea 196: la clase ComctlLib.ProgressBar del control ProG1 no era una clase de control cargada.
Línea 214: la clase ComctlLib.StatusBar del control Publicidad no era una clase de control cargada.
Línea 306: la clase ComctlLib.StatusBar del control Estado no era una clase de control cargada.
Línea 326: la clase ComctlLib.ImageList del control Iconos no era una clase de control cargada.
Línea 23: el nombre de la propiedad _ExtentX de Toolbar1 no es válido.
Línea 24: el nombre de la propiedad _ExtentY de Toolbar1 no es válido.
Línea 25: el nombre de la propiedad ButtonWidth de Toolbar1 no es válido.
Línea 26: el nombre de la propiedad ButtonHeight de Toolbar1 no es válido.
Línea 27: el nombre de la propiedad ToolTips de Toolbar1 no es válido.
Línea 28: el nombre de la propiedad AllowCustomize de Toolbar1 no es válido.
Línea 29: el nombre de la propiedad Wrappable de Toolbar1 no es válido.
Línea 30: el nombre de la propiedad ImageList de Toolbar1 no es válido.
Línea 31: el nombre de la propiedad _Version de Toolbar1 no es válido.
Línea 73: el nombre de la propiedad Buttons de Toolbar1 no es válido.
Línea 127: el nombre de la propiedad _Version de Socket1 no es válido.
Línea 128: el nombre de la propiedad _ExtentX de Socket1 no es válido.
Línea 129: el nombre de la propiedad _ExtentY de Socket1 no es válido.
Línea 130: el nombre de la propiedad _StockProps de Socket1 no es válido.
Línea 131: el nombre de la propiedad AutoResolve de Socket1 no es válido.
Línea 132: el nombre de la propiedad Backlog de Socket1 no es válido.
Línea 133: el nombre de la propiedad Binary de Socket1 no es válido.
Línea 134: el nombre de la propiedad Blocking de Socket1 no es válido.
Línea 135: el nombre de la propiedad Broadcast de Socket1 no es válido.
Línea 136: el nombre de la propiedad BufferSize de Socket1 no es válido.
Línea 137: el nombre de la propiedad HostAddress de Socket1 no es válido.
Línea 138: el nombre de la propiedad HostFile de Socket1 no es válido.
Línea 139: el nombre de la propiedad HostName de Socket1 no es válido.
Línea 140: el nombre de la propiedad InLine de Socket1 no es válido.
Línea 141: el nombre de la propiedad Interval de Socket1 no es válido.
Línea 142: el nombre de la propiedad KeepAlive de Socket1 no es válido.
Línea 143: el nombre de la propiedad Library de Socket1 no es válido.
Línea 144: el nombre de la propiedad Linger de Socket1 no es válido.
Línea 145: el nombre de la propiedad LocalPort de Socket1 no es válido.
Línea 146: el nombre de la propiedad LocalService de Socket1 no es válido.
Línea 147: el nombre de la propiedad Protocol de Socket1 no es válido.
Línea 148: el nombre de la propiedad RemotePort de Socket1 no es válido.
Línea 149: el nombre de la propiedad RemoteService de Socket1 no es válido.
Línea 150: el nombre de la propiedad ReuseAddress de Socket1 no es válido.
Línea 151: el nombre de la propiedad Route de Socket1 no es válido.
Línea 152: el nombre de la propiedad Timeout de Socket1 no es válido.
Línea 153: el nombre de la propiedad Type de Socket1 no es válido.
Línea 154: el nombre de la propiedad Urgent de Socket1 no es válido.
Línea 160: el nombre de la propiedad _Version de Socket2 no es válido.
Línea 161: el nombre de la propiedad _ExtentX de Socket2 no es válido.
Línea 162: el nombre de la propiedad _ExtentY de Socket2 no es válido.
Línea 163: el nombre de la propiedad _StockProps de Socket2 no es válido.
Línea 164: el nombre de la propiedad AutoResolve de Socket2 no es válido.
Línea 165: el nombre de la propiedad Backlog de Socket2 no es válido.
Línea 166: el nombre de la propiedad Binary de Socket2 no es válido.
Línea 167: el nombre de la propiedad Blocking de Socket2 no es válido.
Línea 168: el nombre de la propiedad Broadcast de Socket2 no es válido.
Línea 169: el nombre de la propiedad BufferSize de Socket2 no es válido.
Línea 170: el nombre de la propiedad HostAddress de Socket2 no es válido.
Línea 171: el nombre de la propiedad HostFile de Socket2 no es válido.
Línea 172: el nombre de la propiedad HostName de Socket2 no es válido.
Línea 173: el nombre de la propiedad InLine de Socket2 no es válido.
Línea 174: el nombre de la propiedad Interval de Socket2 no es válido.
Línea 175: el nombre de la propiedad KeepAlive de Socket2 no es válido.
Línea 176: el nombre de la propiedad Library de Socket2 no es válido.
Línea 177: el nombre de la propiedad Linger de Socket2 no es válido.
Línea 178: el nombre de la propiedad LocalPort de Socket2 no es válido.
Línea 179: el nombre de la propiedad LocalService de Socket2 no es válido.
Línea 180: el nombre de la propiedad Protocol de Socket2 no es válido.
Línea 181: el nombre de la propiedad RemotePort de Socket2 no es válido.
Línea 182: el nombre de la propiedad RemoteService de Socket2 no es válido.
Línea 183: el nombre de la propiedad ReuseAddress de Socket2 no es válido.
Línea 184: el nombre de la propiedad Route de Socket2 no es válido.
Línea 185: el nombre de la propiedad Timeout de Socket2 no es válido.
Línea 186: el nombre de la propiedad Type de Socket2 no es válido.
Línea 187: el nombre de la propiedad Urgent de Socket2 no es válido.
Línea 192: el nombre de la propiedad _ExtentX de Inet1 no es válido.
Línea 193: el nombre de la propiedad _ExtentY de Inet1 no es válido.
Línea 194: el nombre de la propiedad _Version de Inet1 no es válido.
Línea 204: el nombre de la propiedad _ExtentX de ProG1 no es válido.
Línea 205: el nombre de la propiedad _ExtentY de ProG1 no es válido.
Línea 206: el nombre de la propiedad _Version de ProG1 no es válido.
Línea 221: el nombre de la propiedad _ExtentX de Publicidad no es válido.
Línea 222: el nombre de la propiedad _ExtentY de Publicidad no es válido.
Línea 223: el nombre de la propiedad Style de Publicidad no es válido.
Línea 224: el nombre de la propiedad SimpleText de Publicidad no es válido.
Línea 225: el nombre de la propiedad ShowTips de Publicidad no es válido.
Línea 226: el nombre de la propiedad _Version de Publicidad no es válido.
Línea 233: el nombre de la propiedad Panels de Publicidad no es válido.
Línea 313: el nombre de la propiedad _ExtentX de Estado no es válido.
Línea 314: el nombre de la propiedad _ExtentY de Estado no es válido.
Línea 315: el nombre de la propiedad Style de Estado no es válido.
Línea 316: el nombre de la propiedad SimpleText de Estado no es válido.
Línea 317: el nombre de la propiedad _Version de Estado no es válido.
Línea 324: el nombre de la propiedad Panels de Estado no es válido.
Línea 329: el nombre de la propiedad _ExtentX de Iconos no es válido.
Línea 330: el nombre de la propiedad _ExtentY de Iconos no es válido.
Línea 332: el nombre de la propiedad ImageWidth de Iconos no es válido.
Línea 333: el nombre de la propiedad ImageHeight de Iconos no es válido.
Línea 334: el nombre de la propiedad MaskColor de Iconos no es válido.
Línea 335: el nombre de la propiedad _Version de Iconos no es válido.
Línea 530: el nombre de la propiedad Images de Iconos no es válido.
